<?xml version="1.0" encoding="UTF-8"?>
<!-- Generated by org.testng.reporters.JUnitReportReporter -->
<testsuite hostname="DESKTOP-STDFCN0" name="tests.ShoppingCart" tests="1" failures="0" timestamp="21 Sep 2017 00:43:36 GMT" time="57.674" errors="0">
  <testcase name="shoppingCartTest" time="57.674" classname="tests.ShoppingCart"/>
</testsuite> <!-- tests.ShoppingCart -->
